-------------------------
2020-10-18 16:22:56
An existing connection was forcibly closed by the remote host.
-------------------------
2020-10-18 16:25:09
An invalid argument was supplied.
-------------------------
2020-10-18 17:31:02
An invalid argument was supplied.
-------------------------
2020-10-18 17:36:30
An invalid argument was supplied.
-------------------------
2020-10-18 17:45:15
An invalid argument was supplied.
-------------------------
2020-10-18 17:50:20
An invalid argument was supplied.
-------------------------
2020-10-18 18:04:45
Error getting value from 'ScopeId' on 'System.Net.IPAddress'.
-------------------------
2020-10-18 18:22:17
Exception occurred while receiving callback -  Error getting value from 'ScopeId' on 'System.Net.IPAddress'.
-------------------------
2020-10-18 18:22:31
Exception occurred while receiving callback -  Error getting value from 'ScopeId' on 'System.Net.IPAddress'.
-------------------------
2020-10-18 18:47:27
Exception occurred while receiving callback -  Error getting value from 'MulticastLoopback' on 'System.Net.Sockets.Socket'.
-------------------------
2020-10-18 19:36:52
Exception occurred while receiving callback -  An existing connection was forcibly closed by the remote host.
-------------------------
2020-10-18 20:12:36
Exception occurred while receiving callback -  An existing connection was forcibly closed by the remote host.
-------------------------
2020-10-18 20:14:12
Exception occurred while receiving callback -  An existing connection was forcibly closed by the remote host.
-------------------------
2020-10-18 20:26:58
Exception occurred while receiving callback -  An existing connection was forcibly closed by the remote host.
